<?xml version="1.0" encoding="UTF-8"?>
<!-- Generated by org.testng.reporters.JUnitReportReporter -->
<testsuite skipped="0" hostname="WKWIN4593435" name="com.test.api.DarkSkyAPIDemo" tests="1" failures="0" timestamp="07 Dec 2018 11:13:40 GMT" time="4.483" errors="0">
  <testcase name="validateJson" time="4.483" classname="com.test.api.DarkSkyAPIDemo"/>
</testsuite> <!-- com.test.api.DarkSkyAPIDemo -->
