<?xml version="1.0" encoding="UTF-8"?>
<!-- Generated by org.testng.reporters.JUnitReportReporter -->
<testsuite skipped="0" hostname="WKWIN4593435" name="com.test.api.JSONApiValidation" tests="1" failures="0" timestamp="05 Dec 2018 08:57:05 GMT" time="2.637" errors="0">
  <testcase name="validateJson" time="2.637" classname="com.test.api.JSONApiValidation"/>
</testsuite> <!-- com.test.api.JSONApiValidation -->
