<?xml version="1.0" encoding="UTF-8"?>
<!-- Generated by org.testng.reporters.JUnitReportReporter -->
<testsuite skipped="0" hostname="WKWIN4593435" name="com.test.util.CommanUtil" tests="1" failures="0" timestamp="09 Feb 2019 16:26:06 GMT" time="0.029" errors="0">
  <testcase name="addQueryParamDemo" time="0.029" classname="com.test.util.CommanUtil"/>
</testsuite> <!-- com.test.util.CommanUtil -->
